{"F:\\node js cq\\assignment9\\index.js": {"path":"F:\\node js cq\\assignment9\\index.js","all":false,"statementMap":{"0":{"start":{"line":1,"column":0},"end":{"line":1,"column":41}},"1":{"start":{"line":2,"column":0},"end":{"line":2,"column":0}},"2":{"start":{"line":3,"column":0},"end":{"line":3,"column":37}},"3":{"start":{"line":4,"column":0},"end":{"line":4,"column":46}},"4":{"start":{"line":5,"column":0},"end":{"line":5,"column":4}},"5":{"start":{"line":6,"column":0},"end":{"line":6,"column":37}},"6":{"start":{"line":7,"column":0},"end":{"line":7,"column":46}},"7":{"start":{"line":8,"column":0},"end":{"line":8,"column":4}},"8":{"start":{"line":9,"column":0},"end":{"line":9,"column":17}},"9":{"start":{"line":10,"column":0},"end":{"line":10,"column":1}},"10":{"start":{"line":11,"column":0},"end":{"line":11,"column":0}},"11":{"start":{"line":12,"column":0},"end":{"line":12,"column":51}},"12":{"start":{"line":13,"column":0},"end":{"line":13,"column":0}},"13":{"start":{"line":14,"column":0},"end":{"line":14,"column":36}},"14":{"start":{"line":15,"column":0},"end":{"line":15,"column":46}},"15":{"start":{"line":16,"column":0},"end":{"line":16,"column":4}},"16":{"start":{"line":17,"column":0},"end":{"line":17,"column":36}},"17":{"start":{"line":18,"column":0},"end":{"line":18,"column":46}},"18":{"start":{"line":19,"column":0},"end":{"line":19,"column":0}},"19":{"start":{"line":20,"column":0},"end":{"line":20,"column":17}},"20":{"start":{"line":21,"column":0},"end":{"line":21,"column":1}},"21":{"start":{"line":22,"column":0},"end":{"line":22,"column":0}},"22":{"start":{"line":23,"column":0},"end":{"line":23,"column":0}},"23":{"start":{"line":24,"column":0},"end":{"line":24,"column":52}},"24":{"start":{"line":25,"column":0},"end":{"line":25,"column":0}},"25":{"start":{"line":26,"column":0},"end":{"line":26,"column":62}},"26":{"start":{"line":27,"column":0},"end":{"line":27,"column":46}},"27":{"start":{"line":28,"column":0},"end":{"line":28,"column":4}},"28":{"start":{"line":29,"column":0},"end":{"line":29,"column":62}},"29":{"start":{"line":30,"column":0},"end":{"line":30,"column":46}},"30":{"start":{"line":31,"column":0},"end":{"line":31,"column":0}},"31":{"start":{"line":32,"column":0},"end":{"line":32,"column":17}},"32":{"start":{"line":33,"column":0},"end":{"line":33,"column":1}},"33":{"start":{"line":34,"column":0},"end":{"line":34,"column":0}},"34":{"start":{"line":35,"column":0},"end":{"line":35,"column":0}},"35":{"start":{"line":36,"column":0},"end":{"line":36,"column":48}},"36":{"start":{"line":37,"column":0},"end":{"line":37,"column":0}},"37":{"start":{"line":38,"column":0},"end":{"line":38,"column":61}},"38":{"start":{"line":39,"column":0},"end":{"line":39,"column":46}},"39":{"start":{"line":40,"column":0},"end":{"line":40,"column":4}},"40":{"start":{"line":41,"column":0},"end":{"line":41,"column":61}},"41":{"start":{"line":42,"column":0},"end":{"line":42,"column":46}},"42":{"start":{"line":43,"column":0},"end":{"line":43,"column":0}},"43":{"start":{"line":44,"column":0},"end":{"line":44,"column":17}},"44":{"start":{"line":45,"column":0},"end":{"line":45,"column":44}},"45":{"start":{"line":46,"column":0},"end":{"line":46,"column":0}},"46":{"start":{"line":47,"column":0},"end":{"line":47,"column":17}},"47":{"start":{"line":48,"column":0},"end":{"line":48,"column":1}}},"s":{"0":1,"1":3,"2":3,"3":3,"4":3,"5":3,"6":3,"7":2,"8":2,"9":2,"10":1,"11":1,"12":3,"13":3,"14":3,"15":3,"16":3,"17":3,"18":3,"19":3,"20":3,"21":1,"22":1,"23":1,"24":4,"25":4,"26":4,"27":2,"28":4,"29":4,"30":1,"31":1,"32":1,"33":1,"34":1,"35":1,"36":5,"37":5,"38":5,"39":3,"40":5,"41":5,"42":2,"43":2,"44":5,"45":1,"46":1,"47":1},"branchMap":{"0":{"type":"branch","line":1,"loc":{"start":{"line":1,"column":21},"end":{"line":10,"column":1}},"locations":[{"start":{"line":1,"column":21},"end":{"line":10,"column":1}}]},"1":{"type":"branch","line":4,"loc":{"start":{"line":4,"column":8},"end":{"line":4,"column":46}},"locations":[{"start":{"line":4,"column":8},"end":{"line":4,"column":46}}]},"2":{"type":"branch","line":6,"loc":{"start":{"line":6,"column":22},"end":{"line":6,"column":36}},"locations":[{"start":{"line":6,"column":22},"end":{"line":6,"column":36}}]},"3":{"type":"branch","line":7,"loc":{"start":{"line":7,"column":8},"end":{"line":7,"column":46}},"locations":[{"start":{"line":7,"column":8},"end":{"line":7,"column":46}}]},"4":{"type":"branch","line":7,"loc":{"start":{"line":7,"column":45},"end":{"line":10,"column":1}},"locations":[{"start":{"line":7,"column":45},"end":{"line":10,"column":1}}]},"5":{"type":"branch","line":12,"loc":{"start":{"line":12,"column":26},"end":{"line":21,"column":1}},"locations":[{"start":{"line":12,"column":26},"end":{"line":21,"column":1}}]},"6":{"type":"branch","line":15,"loc":{"start":{"line":15,"column":8},"end":{"line":15,"column":46}},"locations":[{"start":{"line":15,"column":8},"end":{"line":15,"column":46}}]},"7":{"type":"branch","line":18,"loc":{"start":{"line":18,"column":8},"end":{"line":18,"column":46}},"locations":[{"start":{"line":18,"column":8},"end":{"line":18,"column":46}}]},"8":{"type":"branch","line":24,"loc":{"start":{"line":24,"column":26},"end":{"line":33,"column":1}},"locations":[{"start":{"line":24,"column":26},"end":{"line":33,"column":1}}]},"9":{"type":"branch","line":27,"loc":{"start":{"line":27,"column":8},"end":{"line":29,"column":26}},"locations":[{"start":{"line":27,"column":8},"end":{"line":29,"column":26}}]},"10":{"type":"branch","line":29,"loc":{"start":{"line":29,"column":22},"end":{"line":29,"column":36}},"locations":[{"start":{"line":29,"column":22},"end":{"line":29,"column":36}}]},"11":{"type":"branch","line":29,"loc":{"start":{"line":29,"column":36},"end":{"line":29,"column":61}},"locations":[{"start":{"line":29,"column":36},"end":{"line":29,"column":61}}]},"12":{"type":"branch","line":30,"loc":{"start":{"line":30,"column":8},"end":{"line":33,"column":1}},"locations":[{"start":{"line":30,"column":8},"end":{"line":33,"column":1}}]},"13":{"type":"branch","line":36,"loc":{"start":{"line":36,"column":24},"end":{"line":48,"column":1}},"locations":[{"start":{"line":36,"column":24},"end":{"line":48,"column":1}}]},"14":{"type":"branch","line":39,"loc":{"start":{"line":39,"column":8},"end":{"line":39,"column":46}},"locations":[{"start":{"line":39,"column":8},"end":{"line":39,"column":46}}]},"15":{"type":"branch","line":39,"loc":{"start":{"line":39,"column":45},"end":{"line":41,"column":25}},"locations":[{"start":{"line":39,"column":45},"end":{"line":41,"column":25}}]},"16":{"type":"branch","line":41,"loc":{"start":{"line":41,"column":21},"end":{"line":41,"column":35}},"locations":[{"start":{"line":41,"column":21},"end":{"line":41,"column":35}}]},"17":{"type":"branch","line":41,"loc":{"start":{"line":41,"column":35},"end":{"line":41,"column":60}},"locations":[{"start":{"line":41,"column":35},"end":{"line":41,"column":60}}]},"18":{"type":"branch","line":42,"loc":{"start":{"line":42,"column":8},"end":{"line":42,"column":46}},"locations":[{"start":{"line":42,"column":8},"end":{"line":42,"column":46}}]},"19":{"type":"branch","line":42,"loc":{"start":{"line":42,"column":45},"end":{"line":44,"column":17}},"locations":[{"start":{"line":42,"column":45},"end":{"line":44,"column":17}}]},"20":{"type":"branch","line":45,"loc":{"start":{"line":45,"column":8},"end":{"line":48,"column":1}},"locations":[{"start":{"line":45,"column":8},"end":{"line":48,"column":1}}]}},"b":{"0":[3],"1":[0],"2":[2],"3":[1],"4":[2],"5":[3],"6":[0],"7":[0],"8":[4],"9":[2],"10":[1],"11":[1],"12":[1],"13":[5],"14":[2],"15":[3],"16":[2],"17":[2],"18":[1],"19":[2],"20":[1]},"fnMap":{"0":{"name":"add","decl":{"start":{"line":1,"column":21},"end":{"line":10,"column":1}},"loc":{"start":{"line":1,"column":21},"end":{"line":10,"column":1}},"line":1},"1":{"name":"subtract","decl":{"start":{"line":12,"column":26},"end":{"line":21,"column":1}},"loc":{"start":{"line":12,"column":26},"end":{"line":21,"column":1}},"line":12},"2":{"name":"multiply","decl":{"start":{"line":24,"column":26},"end":{"line":33,"column":1}},"loc":{"start":{"line":24,"column":26},"end":{"line":33,"column":1}},"line":24},"3":{"name":"divide","decl":{"start":{"line":36,"column":24},"end":{"line":48,"column":1}},"loc":{"start":{"line":36,"column":24},"end":{"line":48,"column":1}},"line":36}},"f":{"0":3,"1":3,"2":4,"3":5}}
}
