TN:
SF:index.js
FN:1,add
FN:12,subtract
FN:24,multiply
FN:36,divide
FNF:4
FNH:4
FNDA:3,add
FNDA:3,subtract
FNDA:4,multiply
FNDA:5,divide
DA:1,1
DA:2,3
DA:3,3
DA:4,3
DA:5,3
DA:6,3
DA:7,3
DA:8,2
DA:9,2
DA:10,2
DA:11,1
DA:12,1
DA:13,3
DA:14,3
DA:15,3
DA:16,3
DA:17,3
DA:18,3
DA:19,3
DA:20,3
DA:21,3
DA:22,1
DA:23,1
DA:24,1
DA:25,4
DA:26,4
DA:27,4
DA:28,2
DA:29,4
DA:30,4
DA:31,1
DA:32,1
DA:33,1
DA:34,1
DA:35,1
DA:36,1
DA:37,5
DA:38,5
DA:39,5
DA:40,3
DA:41,5
DA:42,5
DA:43,2
DA:44,2
DA:45,5
DA:46,1
DA:47,1
DA:48,1
LF:48
LH:48
BRDA:1,0,0,3
BRDA:4,1,0,0
BRDA:6,2,0,2
BRDA:7,3,0,1
BRDA:7,4,0,2
BRDA:12,5,0,3
BRDA:15,6,0,0
BRDA:18,7,0,0
BRDA:24,8,0,4
BRDA:27,9,0,2
BRDA:29,10,0,1
BRDA:29,11,0,1
BRDA:30,12,0,1
BRDA:36,13,0,5
BRDA:39,14,0,2
BRDA:39,15,0,3
BRDA:41,16,0,2
BRDA:41,17,0,2
BRDA:42,18,0,1
BRDA:42,19,0,2
BRDA:45,20,0,1
BRF:21
BRH:18
end_of_record
